<?xml version="1.0" encoding="UTF-8"?>
<!-- Generated by org.testng.reporters.JUnitXMLReporter -->
<testsuite ignored="1" hostname="APRADHAN" failures="0" tests="2" name="Test" time="16.86" errors="0" timestamp="2024-09-28T06:55:00 IST">
  <testcase classname="com.mystore.testcases.TC_MyAccountPageTest_DataDrivenTesting" name="verifyLogin" time="3.566"/>
  <testcase classname="com.mystore.testcases.TC_MyAccountPageTest_DataDrivenTesting" name="verifyLogin" time="3.075"/>
  <testcase classname="com.mystore.testcases.TC_MyAccountPageTest_DataDrivenTesting" name="VerifyRegistrationAndLogin" time="0.0">
    <ignored/>
  </testcase> <!-- VerifyRegistrationAndLogin -->
</testsuite> <!-- Test -->
