<?xml version="1.0" encoding="UTF-8"?>
<!-- Generated by org.testng.reporters.JUnitXMLReporter -->
<testsuite ignored="1" hostname="APRADHAN" failures="0" tests="2" name="Test" time="15.215" errors="0" timestamp="2024-09-25T12:01:34 IST">
  <testcase classname="com.mystore.testcases.TC_MyAccountPageTest_DataDrivenTesting" name="verifyLogin" time="3.362"/>
  <testcase classname="com.mystore.testcases.TC_MyAccountPageTest_DataDrivenTesting" name="verifyLogin" time="3.011"/>
  <testcase classname="com.mystore.testcases.TC_MyAccountPageTest_DataDrivenTesting" name="VerifyRegistrationAndLogin" time="0.0">
    <ignored/>
  </testcase> <!-- VerifyRegistrationAndLogin -->
</testsuite> <!-- Test -->
