<?xml version="1.0" encoding="UTF-8"?>
<!-- Generated by org.testng.reporters.JUnitXMLReporter -->
<testsuite ignored="1" hostname="APRADHAN" failures="0" tests="2" name="Test" time="16.896" errors="0" timestamp="2024-09-25T13:48:09 IST">
  <testcase classname="com.mystore.testcases.TC_MyAccountPageTest_DataDrivenTesting" name="verifyLogin" time="4.006"/>
  <testcase classname="com.mystore.testcases.TC_MyAccountPageTest_DataDrivenTesting" name="verifyLogin" time="4.464"/>
  <testcase classname="com.mystore.testcases.TC_MyAccountPageTest_DataDrivenTesting" name="VerifyRegistrationAndLogin" time="0.0">
    <ignored/>
  </testcase> <!-- VerifyRegistrationAndLogin -->
</testsuite> <!-- Test -->
