<?xml version="1.0" encoding="UTF-8"?>
<testng-results ignored="0" total="2" passed="2" failed="0" skipped="0">
  <reporter-output>
  </reporter-output>
  <suite started-at="2024-09-25T13:47:52 IST" name="Suite" finished-at="2024-09-25T13:48:09 IST" duration-ms="16896">
    <groups>
    </groups>
    <test started-at="2024-09-25T13:47:52 IST" name="Test" finished-at="2024-09-25T13:48:09 IST" duration-ms="16896">
      <class name="com.mystore.testcases.TC_MyAccountPageTest_DataDrivenTesting">
        <test-method is-config="true" signature="setup()[pri:0, instance:com.mystore.testcases.TC_MyAccountPageTest_DataDrivenTesting@4e858e0a]" started-at="2024-09-25T13:47:52 IST" name="setup" finished-at="2024-09-25T13:47:58 IST" duration-ms="6623" status="PASS">
          <reporter-output>
          </reporter-output>
        </test-method> <!-- setup -->
        <test-method signature="verifyLogin(java.lang.String,java.lang.String,java.lang.String)[pri:0, instance:com.mystore.testcases.TC_MyAccountPageTest_DataDrivenTesting@4e858e0a]" started-at="2024-09-25T13:48:00 IST" name="verifyLogin" data-provider="LoginDataProvider" finished-at="2024-09-25T13:48:04 IST" duration-ms="4006" status="PASS">
          <params>
            <param index="0">
              <value>
                <![CDATA[avinash103@gmail.com]]>
              </value>
            </param>
            <param index="1">
              <value>
                <![CDATA[password123]]>
              </value>
            </param>
            <param index="2">
              <value>
                <![CDATA[Avinash Pradhan]]>
              </value>
            </param>
          </params>
          <reporter-output>
          </reporter-output>
        </test-method> <!-- verifyLogin -->
        <test-method signature="verifyLogin(java.lang.String,java.lang.String,java.lang.String)[pri:0, instance:com.mystore.testcases.TC_MyAccountPageTest_DataDrivenTesting@4e858e0a]" started-at="2024-09-25T13:48:04 IST" name="verifyLogin" data-provider="LoginDataProvider" finished-at="2024-09-25T13:48:08 IST" duration-ms="4464" status="PASS">
          <params>
            <param index="0">
              <value>
                <![CDATA[avinash103@gmail.com]]>
              </value>
            </param>
            <param index="1">
              <value>
                <![CDATA[password123]]>
              </value>
            </param>
            <param index="2">
              <value>
                <![CDATA[Avinash Pradhan]]>
              </value>
            </param>
          </params>
          <reporter-output>
          </reporter-output>
        </test-method> <!-- verifyLogin -->
        <test-method is-config="true" signature="tearDown()[pri:0, instance:com.mystore.testcases.TC_MyAccountPageTest_DataDrivenTesting@4e858e0a]" started-at="2024-09-25T13:48:08 IST" name="tearDown" finished-at="2024-09-25T13:48:09 IST" duration-ms="169" status="PASS">
          <reporter-output>
          </reporter-output>
        </test-method> <!-- tearDown -->
      </class> <!-- com.mystore.testcases.TC_MyAccountPageTest_DataDrivenTesting -->
    </test> <!-- Test -->
  </suite> <!-- Suite -->
</testng-results>
