<?xml version="1.0" encoding="UTF-8"?>
<testsuite xmlns:xsi="http://www.w3.org/2001/XMLSchema-instance" xsi:noNamespaceSchemaLocation="https://maven.apache.org/surefire/maven-surefire-plugin/xsd/surefire-test-report.xsd" version="3.0.2" name="TestSuite" time="19.124" tests="2" errors="0" skipped="0" failures="0">
  <properties>
[...]
</properties>
  <testcase name="verifyLogin[avinash103@gmail.com, password123, Avinash Pradhan](1)" classname="com.mystore.testcases.TC_MyAccountPageTest_DataDrivenTesting" time="4.02">
    <system-out><![CDATA[OnStart invoked.... 
2024-09-25 13:47:58,975 [main] INFO  MyStoreV1 - url opened
2024-09-25 13:47:59,311 [main] DEBUG org.apache.poi.openxml4j.opc.PackageRelationshipCollection - Parsing relationship: /xl/_rels/workbook.xml.rels
2024-09-25 13:47:59,323 [main] DEBUG org.apache.poi.openxml4j.opc.PackageRelationshipCollection - Parsing relationship: /xl/worksheets/_rels/sheet1.xml.rels
2024-09-25 13:47:59,325 [main] DEBUG org.apache.poi.openxml4j.opc.PackageRelationshipCollection - Parsing relationship: /_rels/.rels
2024-09-25 13:48:00,152 [main] DEBUG org.apache.poi.openxml4j.opc.PackageRelationshipCollection - Parsing relationship: /xl/_rels/workbook.xml.rels
2024-09-25 13:48:00,155 [main] DEBUG org.apache.poi.openxml4j.opc.PackageRelationshipCollection - Parsing relationship: /xl/worksheets/_rels/sheet1.xml.rels
2024-09-25 13:48:00,157 [main] DEBUG org.apache.poi.openxml4j.opc.PackageRelationshipCollection - Parsing relationship: /_rels/.rels
2024-09-25 13:48:00,186 [main] DEBUG org.apache.poi.openxml4j.opc.PackageRelationshipCollection - Parsing relationship: /xl/_rels/workbook.xml.rels
2024-09-25 13:48:00,187 [main] DEBUG org.apache.poi.openxml4j.opc.PackageRelationshipCollection - Parsing relationship: /xl/worksheets/_rels/sheet1.xml.rels
2024-09-25 13:48:00,188 [main] DEBUG org.apache.poi.openxml4j.opc.PackageRelationshipCollection - Parsing relationship: /_rels/.rels
2024-09-25 13:48:00,217 [main] DEBUG org.apache.poi.openxml4j.opc.PackageRelationshipCollection - Parsing relationship: /xl/_rels/workbook.xml.rels
2024-09-25 13:48:00,218 [main] DEBUG org.apache.poi.openxml4j.opc.PackageRelationshipCollection - Parsing relationship: /xl/worksheets/_rels/sheet1.xml.rels
2024-09-25 13:48:00,220 [main] DEBUG org.apache.poi.openxml4j.opc.PackageRelationshipCollection - Parsing relationship: /_rels/.rels
2024-09-25 13:48:00,248 [main] DEBUG org.apache.poi.openxml4j.opc.PackageRelationshipCollection - Parsing relationship: /xl/_rels/workbook.xml.rels
2024-09-25 13:48:00,252 [main] DEBUG org.apache.poi.openxml4j.opc.PackageRelationshipCollection - Parsing relationship: /xl/worksheets/_rels/sheet1.xml.rels
2024-09-25 13:48:00,254 [main] DEBUG org.apache.poi.openxml4j.opc.PackageRelationshipCollection - Parsing relationship: /_rels/.rels
2024-09-25 13:48:00,282 [main] DEBUG org.apache.poi.openxml4j.opc.PackageRelationshipCollection - Parsing relationship: /xl/_rels/workbook.xml.rels
2024-09-25 13:48:00,285 [main] DEBUG org.apache.poi.openxml4j.opc.PackageRelationshipCollection - Parsing relationship: /xl/worksheets/_rels/sheet1.xml.rels
2024-09-25 13:48:00,287 [main] DEBUG org.apache.poi.openxml4j.opc.PackageRelationshipCollection - Parsing relationship: /_rels/.rels
2024-09-25 13:48:00,321 [main] DEBUG org.apache.poi.openxml4j.opc.PackageRelationshipCollection - Parsing relationship: /xl/_rels/workbook.xml.rels
2024-09-25 13:48:00,323 [main] DEBUG org.apache.poi.openxml4j.opc.PackageRelationshipCollection - Parsing relationship: /xl/worksheets/_rels/sheet1.xml.rels
2024-09-25 13:48:00,325 [main] DEBUG org.apache.poi.openxml4j.opc.PackageRelationshipCollection - Parsing relationship: /_rels/.rels
2024-09-25 13:48:00,348 [main] DEBUG org.apache.poi.openxml4j.opc.PackageRelationshipCollection - Parsing relationship: /xl/_rels/workbook.xml.rels
2024-09-25 13:48:00,350 [main] DEBUG org.apache.poi.openxml4j.opc.PackageRelationshipCollection - Parsing relationship: /xl/worksheets/_rels/sheet1.xml.rels
2024-09-25 13:48:00,351 [main] DEBUG org.apache.poi.openxml4j.opc.PackageRelationshipCollection - Parsing relationship: /_rels/.rels
 Name of the Method on TestStart: verifyLogin
2024-09-25 13:48:00,388 [main] INFO  MyStoreV1 - Verify Login test execution started....
2024-09-25 13:48:01,463 [main] INFO  MyStoreV1 - Click on Signin
2024-09-25 13:48:01,672 [main] INFO  MyStoreV1 - Entered Email and password
2024-09-25 13:48:02,661 [main] INFO  MyStoreV1 - Clicked on Signin link.
2024-09-25 13:48:02,721 [main] INFO  MyStoreV1 - Verify Login - Passed
 Name of the Method onTestSucess: verifyLogin
]]></system-out>
    <system-err><![CDATA[[main] INFO io.github.bonigarcia.wdm.WebDriverManager - Using chromedriver 128.0.6613.137 (resolved driver for Chrome 128)
[main] INFO io.github.bonigarcia.wdm.WebDriverManager - Exporting webdriver.chrome.driver as C:\WINDOWS\system32\config\systemprofile\.cache\selenium\chromedriver\win64\128.0.6613.137\chromedriver.exe
]]></system-err>
  </testcase>
  <testcase name="verifyLogin[avinash103@gmail.com, password123, Avinash Pradhan](2)" classname="com.mystore.testcases.TC_MyAccountPageTest_DataDrivenTesting" time="4.461">
    <system-out><![CDATA[ Name of the Method on TestStart: verifyLogin
2024-09-25 13:48:04,406 [main] INFO  MyStoreV1 - Verify Login test execution started....
2024-09-25 13:48:05,650 [main] INFO  MyStoreV1 - Click on Signin
2024-09-25 13:48:05,894 [main] INFO  MyStoreV1 - Entered Email and password
2024-09-25 13:48:07,518 [main] INFO  MyStoreV1 - Clicked on Signin link.
2024-09-25 13:48:07,547 [main] INFO  MyStoreV1 - Verify Login - Passed
 Name of the Method onTestSucess: verifyLogin
]]></system-out>
  </testcase>
</testsuite>