<?xml version="1.0" encoding="UTF-8"?>
<testng-results ignored="0" total="2" passed="2" failed="0" skipped="0">
  <reporter-output>
  </reporter-output>
  <suite started-at="2024-09-23T21:10:47 IST" name="Suite" finished-at="2024-09-23T21:11:02 IST" duration-ms="15142">
    <groups>
    </groups>
    <test started-at="2024-09-23T21:10:47 IST" name="Test" finished-at="2024-09-23T21:11:02 IST" duration-ms="15142">
      <class name="com.mystore.testcases.TC_MyAccountPageTest_DataDrivenTesting">
        <test-method is-config="true" signature="setup()[pri:0, instance:com.mystore.testcases.TC_MyAccountPageTest_DataDrivenTesting@79145d5a]" started-at="2024-09-23T21:10:47 IST" name="setup" finished-at="2024-09-23T21:10:54 IST" duration-ms="6633" status="PASS">
          <reporter-output>
          </reporter-output>
        </test-method> <!-- setup -->
        <test-method signature="verifyLogin(java.lang.String,java.lang.String,java.lang.String)[pri:0, instance:com.mystore.testcases.TC_MyAccountPageTest_DataDrivenTesting@79145d5a]" started-at="2024-09-23T21:10:55 IST" name="verifyLogin" data-provider="LoginDataProvider" finished-at="2024-09-23T21:10:59 IST" duration-ms="3357" status="PASS">
          <params>
            <param index="0">
              <value>
                <![CDATA[avinash103@gmail.com]]>
              </value>
            </param>
            <param index="1">
              <value>
                <![CDATA[password123]]>
              </value>
            </param>
            <param index="2">
              <value>
                <![CDATA[Avinash Pradhan]]>
              </value>
            </param>
          </params>
          <reporter-output>
          </reporter-output>
        </test-method> <!-- verifyLogin -->
        <test-method signature="verifyLogin(java.lang.String,java.lang.String,java.lang.String)[pri:0, instance:com.mystore.testcases.TC_MyAccountPageTest_DataDrivenTesting@79145d5a]" started-at="2024-09-23T21:10:59 IST" name="verifyLogin" data-provider="LoginDataProvider" finished-at="2024-09-23T21:11:02 IST" duration-ms="3421" status="PASS">
          <params>
            <param index="0">
              <value>
                <![CDATA[avinash103@gmail.com]]>
              </value>
            </param>
            <param index="1">
              <value>
                <![CDATA[password123]]>
              </value>
            </param>
            <param index="2">
              <value>
                <![CDATA[Avinash Pradhan]]>
              </value>
            </param>
          </params>
          <reporter-output>
          </reporter-output>
        </test-method> <!-- verifyLogin -->
        <test-method is-config="true" signature="tearDown()[pri:0, instance:com.mystore.testcases.TC_MyAccountPageTest_DataDrivenTesting@79145d5a]" started-at="2024-09-23T21:11:02 IST" name="tearDown" finished-at="2024-09-23T21:11:02 IST" duration-ms="280" status="PASS">
          <reporter-output>
          </reporter-output>
        </test-method> <!-- tearDown -->
      </class> <!-- com.mystore.testcases.TC_MyAccountPageTest_DataDrivenTesting -->
    </test> <!-- Test -->
  </suite> <!-- Suite -->
</testng-results>
