<?xml version="1.0" encoding="UTF-8"?>
<testng-results ignored="0" total="2" passed="2" failed="0" skipped="0">
  <reporter-output>
  </reporter-output>
  <suite started-at="2024-09-25T12:01:18 IST" name="Suite" finished-at="2024-09-25T12:01:33 IST" duration-ms="15215">
    <groups>
    </groups>
    <test started-at="2024-09-25T12:01:18 IST" name="Test" finished-at="2024-09-25T12:01:33 IST" duration-ms="15215">
      <class name="com.mystore.testcases.TC_MyAccountPageTest_DataDrivenTesting">
        <test-method is-config="true" signature="setup()[pri:0, instance:com.mystore.testcases.TC_MyAccountPageTest_DataDrivenTesting@79145d5a]" started-at="2024-09-25T12:01:18 IST" name="setup" finished-at="2024-09-25T12:01:26 IST" duration-ms="7229" status="PASS">
          <reporter-output>
          </reporter-output>
        </test-method> <!-- setup -->
        <test-method signature="verifyLogin(java.lang.String,java.lang.String,java.lang.String)[pri:0, instance:com.mystore.testcases.TC_MyAccountPageTest_DataDrivenTesting@79145d5a]" started-at="2024-09-25T12:01:27 IST" name="verifyLogin" data-provider="LoginDataProvider" finished-at="2024-09-25T12:01:30 IST" duration-ms="3362" status="PASS">
          <params>
            <param index="0">
              <value>
                <![CDATA[avinash103@gmail.com]]>
              </value>
            </param>
            <param index="1">
              <value>
                <![CDATA[password123]]>
              </value>
            </param>
            <param index="2">
              <value>
                <![CDATA[Avinash Pradhan]]>
              </value>
            </param>
          </params>
          <reporter-output>
          </reporter-output>
        </test-method> <!-- verifyLogin -->
        <test-method signature="verifyLogin(java.lang.String,java.lang.String,java.lang.String)[pri:0, instance:com.mystore.testcases.TC_MyAccountPageTest_DataDrivenTesting@79145d5a]" started-at="2024-09-25T12:01:30 IST" name="verifyLogin" data-provider="LoginDataProvider" finished-at="2024-09-25T12:01:33 IST" duration-ms="3011" status="PASS">
          <params>
            <param index="0">
              <value>
                <![CDATA[avinash103@gmail.com]]>
              </value>
            </param>
            <param index="1">
              <value>
                <![CDATA[password123]]>
              </value>
            </param>
            <param index="2">
              <value>
                <![CDATA[Avinash Pradhan]]>
              </value>
            </param>
          </params>
          <reporter-output>
          </reporter-output>
        </test-method> <!-- verifyLogin -->
        <test-method is-config="true" signature="tearDown()[pri:0, instance:com.mystore.testcases.TC_MyAccountPageTest_DataDrivenTesting@79145d5a]" started-at="2024-09-25T12:01:33 IST" name="tearDown" finished-at="2024-09-25T12:01:33 IST" duration-ms="276" status="PASS">
          <reporter-output>
          </reporter-output>
        </test-method> <!-- tearDown -->
      </class> <!-- com.mystore.testcases.TC_MyAccountPageTest_DataDrivenTesting -->
    </test> <!-- Test -->
  </suite> <!-- Suite -->
</testng-results>
